========================================
  DEUTERON SYSTEM (FAST COMPETITIVE SVM)
========================================
Parameters:
  b_range = 3 fm
  b_form  = 0.8 fm
  S       = 27 MeV
========================================


>>>>>>>> RUNNING CONFIGURATION: Classic_PN_Classic_Pi <<<<<<<<
--- 1. Planting Geometric PN Grid & Pion Seeds ---
Skeleton Size: 13 states.

Sweep 0 (Basis=13): E=0.192808 MeV  (ΔE=999999)     
Sweep 1 (Basis=13): E=0.173862 MeV  (ΔE=0.018946)     
Sweep 2 (Basis=13): E=0.173356 MeV  (ΔE=0.000505201)     
Sweep 3 (Basis=13): E=0.173222 MeV  (ΔE=0.000134802)     
Sweep 4 (Basis=13): E=0.173096 MeV  (ΔE=0.000125203)     
  - Converged: improvement < 0.001 MeV for 3 sweeps


Skeleton Energy: 0.173096 MeV

--- 2. Competitive SVM Growth ---

Added State 14 (Cycle 1, Ch 0) -> E = 0.10110 MeV    
Added State 15 (Cycle 1, Ch 1) -> E = 0.09831 MeV    
Added State 16 (Cycle 1, Ch 2) -> E = 0.09384 MeV    
Added State 17 (Cycle 1, Ch 3) -> E = 0.09306 MeV    
Added State 18 (Cycle 1, Ch 4) -> E = 0.08656 MeV    
Added State 19 (Cycle 1, Ch 5) -> E = 0.07694 MeV    
Added State 20 (Cycle 1, Ch 6) -> E = 0.07493 MeV    
Added State 21 (Cycle 1, Ch 7) -> E = 0.06394 MeV    
Added State 22 (Cycle 1, Ch 8) -> E = 0.04917 MeV    
Added State 23 (Cycle 1, Ch 9) -> E = 0.04711 MeV    
 - Sweeping Cycle 1 basis -

Sweep 0 (Basis=23): E=-1.90135 MeV  (ΔE=1000000.90135)     
Sweep 1 (Basis=23): E=-2.14386 MeV  (ΔE=0.24251)     
Sweep 2 (Basis=23): E=-2.17935 MeV  (ΔE=0.03549)     
Sweep 3 (Basis=23): E=-2.19329 MeV  (ΔE=0.01394)     
Sweep 4 (Basis=23): E=-2.19423 MeV  (ΔE=0.00095)     
Sweep 5 (Basis=23): E=-2.19447 MeV  (ΔE=0.00024)     
Sweep 6 (Basis=23): E=-2.19482 MeV  (ΔE=0.00035)     
  - Converged: improvement < 0.00100 MeV for 3 sweeps


=== Refinement Cycle 1 ===

Pass 1/2 | Refined state 1/23 (0 improved)    
Pass 1/2 | Refined state 2/23 (1 improved)    
Pass 1/2 | Refined state 3/23 (2 improved)    
Pass 1/2 | Refined state 4/23 (3 improved)    
Pass 1/2 | Refined state 5/23 (4 improved)    
Pass 1/2 | Refined state 6/23 (4 improved)    
Pass 1/2 | Refined state 7/23 (5 improved)    
Pass 1/2 | Refined state 8/23 (5 improved)    
Pass 1/2 | Refined state 9/23 (6 improved)    
Pass 1/2 | Refined state 10/23 (7 improved)    
Pass 1/2 | Refined state 11/23 (8 improved)    
Pass 1/2 | Refined state 12/23 (9 improved)    
Pass 1/2 | Refined state 13/23 (10 improved)    
Pass 1/2 | Refined state 14/23 (10 improved)    
Pass 1/2 | Refined state 15/23 (10 improved)    
Pass 1/2 | Refined state 16/23 (10 improved)    
Pass 1/2 | Refined state 17/23 (10 improved)    
Pass 1/2 | Refined state 18/23 (10 improved)    
Pass 1/2 | Refined state 19/23 (10 improved)    
Pass 1/2 | Refined state 20/23 (10 improved)    
Pass 1/2 | Refined state 21/23 (10 improved)    
Pass 1/2 | Refined state 22/23 (10 improved)    
Pass 1/2 | Refined state 23/23 (10 improved)    
 -> End of Pass 1: E = -2.214653 MeV (ΔE = 0.019831 MeV)

Pass 2/2 | Refined state 1/23 (1 improved)    
Pass 2/2 | Refined state 2/23 (2 improved)    
Pass 2/2 | Refined state 3/23 (2 improved)    
Pass 2/2 | Refined state 4/23 (2 improved)    
Pass 2/2 | Refined state 5/23 (3 improved)    
Pass 2/2 | Refined state 6/23 (3 improved)    
Pass 2/2 | Refined state 7/23 (4 improved)    
Pass 2/2 | Refined state 8/23 (4 improved)    
Pass 2/2 | Refined state 9/23 (4 improved)    
Pass 2/2 | Refined state 10/23 (4 improved)    
Pass 2/2 | Refined state 11/23 (4 improved)    
Pass 2/2 | Refined state 12/23 (4 improved)    
Pass 2/2 | Refined state 13/23 (4 improved)    
Pass 2/2 | Refined state 14/23 (4 improved)    
Pass 2/2 | Refined state 15/23 (4 improved)    
Pass 2/2 | Refined state 16/23 (4 improved)    
Pass 2/2 | Refined state 17/23 (4 improved)    
Pass 2/2 | Refined state 18/23 (4 improved)    
Pass 2/2 | Refined state 19/23 (4 improved)    
Pass 2/2 | Refined state 20/23 (4 improved)    
Pass 2/2 | Refined state 21/23 (4 improved)    
Pass 2/2 | Refined state 22/23 (4 improved)    
Pass 2/2 | Refined state 23/23 (4 improved)    
 -> End of Pass 2: E = -2.217101 MeV (ΔE = 0.002449 MeV)
 - Final sweep after refinement cycle 1 -

Sweep 0 (Basis=23): E=-3.113075 MeV  (ΔE=1000002.113075)     
Sweep 1 (Basis=23): E=-3.131399 MeV  (ΔE=0.018324)     
Sweep 2 (Basis=23): E=-3.133535 MeV  (ΔE=0.002136)     
Sweep 3 (Basis=23): E=-3.134247 MeV  (ΔE=0.000713)     
Sweep 4 (Basis=23): E=-3.135570 MeV  (ΔE=0.001322)     
Sweep 5 (Basis=23): E=-3.136378 MeV  (ΔE=0.000808)     
Sweep 6 (Basis=23): E=-3.137208 MeV  (ΔE=0.000830)     
Sweep 7 (Basis=23): E=-3.137888 MeV  (ΔE=0.000681)     
  - Converged: improvement < 0.001000 MeV for 3 sweeps

  Sweep improved: -2.217101 -> -3.137888 MeV (ΔE=-0.920787)


Added State 24 (Cycle 2, Ch 0) -> E = -3.13792 MeV    
Added State 25 (Cycle 2, Ch 1) -> E = -3.13848 MeV    
Added State 26 (Cycle 2, Ch 2) -> E = -3.13891 MeV    
Added State 27 (Cycle 2, Ch 3) -> E = -3.13902 MeV    
Added State 28 (Cycle 2, Ch 4) -> E = -3.13990 MeV    
Added State 29 (Cycle 2, Ch 5) -> E = -3.14108 MeV    
Added State 30 (Cycle 2, Ch 6) -> E = -3.14126 MeV    
Added State 31 (Cycle 2, Ch 7) -> E = -3.14245 MeV    
Added State 32 (Cycle 2, Ch 8) -> E = -3.14398 MeV    
Added State 33 (Cycle 2, Ch 9) -> E = -3.14440 MeV    
 - Sweeping Cycle 2 basis -

Sweep 0 (Basis=33): E=-3.32064 MeV  (ΔE=1000002.32064)     
Sweep 1 (Basis=33): E=-3.32320 MeV  (ΔE=0.00257)     
Sweep 2 (Basis=33): E=-3.32412 MeV  (ΔE=0.00092)     
Sweep 3 (Basis=33): E=-3.32475 MeV  (ΔE=0.00062)     
Sweep 4 (Basis=33): E=-3.32589 MeV  (ΔE=0.00114)     
Sweep 5 (Basis=33): E=-3.32641 MeV  (ΔE=0.00053)     
Sweep 6 (Basis=33): E=-3.32702 MeV  (ΔE=0.00061)     
Sweep 7 (Basis=33): E=-3.32754 MeV  (ΔE=0.00052)     
  - Converged: improvement < 0.00100 MeV for 3 sweeps


=== Refinement Cycle 2 ===

Pass 1/2 | Refined state 1/33 (0 improved)    
Pass 1/2 | Refined state 2/33 (1 improved)    
Pass 1/2 | Refined state 3/33 (2 improved)    
Pass 1/2 | Refined state 4/33 (2 improved)    
Pass 1/2 | Refined state 5/33 (2 improved)    
Pass 1/2 | Refined state 6/33 (2 improved)    
Pass 1/2 | Refined state 7/33 (2 improved)    
Pass 1/2 | Refined state 8/33 (2 improved)    
Pass 1/2 | Refined state 9/33 (2 improved)    
Pass 1/2 | Refined state 10/33 (2 improved)    
Pass 1/2 | Refined state 11/33 (2 improved)    
Pass 1/2 | Refined state 12/33 (2 improved)    
Pass 1/2 | Refined state 13/33 (2 improved)    
Pass 1/2 | Refined state 14/33 (2 improved)    
Pass 1/2 | Refined state 15/33 (2 improved)    
Pass 1/2 | Refined state 16/33 (2 improved)    
Pass 1/2 | Refined state 17/33 (2 improved)    
Pass 1/2 | Refined state 18/33 (2 improved)    
Pass 1/2 | Refined state 19/33 (2 improved)    
Pass 1/2 | Refined state 20/33 (2 improved)    
Pass 1/2 | Refined state 21/33 (2 improved)    
Pass 1/2 | Refined state 22/33 (2 improved)    
Pass 1/2 | Refined state 23/33 (2 improved)    
Pass 1/2 | Refined state 24/33 (3 improved)    
Pass 1/2 | Refined state 25/33 (3 improved)    
Pass 1/2 | Refined state 26/33 (3 improved)    
Pass 1/2 | Refined state 27/33 (3 improved)    
Pass 1/2 | Refined state 28/33 (3 improved)    
Pass 1/2 | Refined state 29/33 (3 improved)    
Pass 1/2 | Refined state 30/33 (3 improved)    
Pass 1/2 | Refined state 31/33 (3 improved)    
Pass 1/2 | Refined state 32/33 (3 improved)    
Pass 1/2 | Refined state 33/33 (3 improved)    
 -> End of Pass 1: E = -3.327552 MeV (ΔE = 0.000011 MeV)
 -> Refinement Converged: Total improvement below 0.001000 MeV.
 - Final sweep after refinement cycle 2 -

Sweep 0 (Basis=33): E=-3.328324 MeV  (ΔE=1000002.328324)     
Sweep 1 (Basis=33): E=-3.329220 MeV  (ΔE=0.000896)     
Sweep 2 (Basis=33): E=-3.329552 MeV  (ΔE=0.000332)     
Sweep 3 (Basis=33): E=-3.330217 MeV  (ΔE=0.000665)     
  - Converged: improvement < 0.001000 MeV for 3 sweeps

  Sweep improved: -3.327552 -> -3.330217 MeV (ΔE=-0.002665)


Added State 34 (Cycle 3, Ch 0) -> E = -3.33022 MeV    
Added State 35 (Cycle 3, Ch 1) -> E = -3.33044 MeV    
Added State 36 (Cycle 3, Ch 2) -> E = -3.33086 MeV    
Added State 37 (Cycle 3, Ch 3) -> E = -3.33107 MeV    
Added State 38 (Cycle 3, Ch 4) -> E = -3.33178 MeV    
Added State 39 (Cycle 3, Ch 5) -> E = -3.33335 MeV    
Added State 40 (Cycle 3, Ch 6) -> E = -3.33342 MeV    
Added State 41 (Cycle 3, Ch 7) -> E = -3.33366 MeV    
Added State 42 (Cycle 3, Ch 8) -> E = -3.33455 MeV    
Added State 43 (Cycle 3, Ch 9) -> E = -3.33494 MeV    
 - Sweeping Cycle 3 basis -

Sweep 0 (Basis=43): E=-3.49613 MeV  (ΔE=1000002.49613)     
Sweep 1 (Basis=43): E=-3.50043 MeV  (ΔE=0.00429)     
Sweep 2 (Basis=43): E=-3.54261 MeV  (ΔE=0.04218)     
Sweep 3 (Basis=43): E=-3.54464 MeV  (ΔE=0.00203)     
Sweep 4 (Basis=43): E=-3.54507 MeV  (ΔE=0.00042)     
Sweep 5 (Basis=43): E=-3.54595 MeV  (ΔE=0.00089)     
Sweep 6 (Basis=43): E=-3.54635 MeV  (ΔE=0.00040)     
  - Converged: improvement < 0.00100 MeV for 3 sweeps


=== Refinement Cycle 3 ===

Pass 1/2 | Refined state 1/43 (0 improved)    
Pass 1/2 | Refined state 2/43 (1 improved)    
Pass 1/2 | Refined state 3/43 (1 improved)    
Pass 1/2 | Refined state 4/43 (1 improved)    
Pass 1/2 | Refined state 5/43 (1 improved)    
Pass 1/2 | Refined state 6/43 (1 improved)    
Pass 1/2 | Refined state 7/43 (1 improved)    
Pass 1/2 | Refined state 8/43 (1 improved)    
Pass 1/2 | Refined state 9/43 (1 improved)    
Pass 1/2 | Refined state 10/43 (1 improved)    
Pass 1/2 | Refined state 11/43 (1 improved)    
Pass 1/2 | Refined state 12/43 (1 improved)    
Pass 1/2 | Refined state 13/43 (1 improved)    
Pass 1/2 | Refined state 14/43 (1 improved)    
Pass 1/2 | Refined state 15/43 (1 improved)    
Pass 1/2 | Refined state 16/43 (1 improved)    
Pass 1/2 | Refined state 17/43 (1 improved)    
Pass 1/2 | Refined state 18/43 (1 improved)    
Pass 1/2 | Refined state 19/43 (1 improved)    
Pass 1/2 | Refined state 20/43 (1 improved)    
Pass 1/2 | Refined state 21/43 (1 improved)    
Pass 1/2 | Refined state 22/43 (1 improved)    
Pass 1/2 | Refined state 23/43 (1 improved)    
Pass 1/2 | Refined state 24/43 (1 improved)    
Pass 1/2 | Refined state 25/43 (1 improved)    
Pass 1/2 | Refined state 26/43 (1 improved)    
Pass 1/2 | Refined state 27/43 (1 improved)    
Pass 1/2 | Refined state 28/43 (1 improved)    
Pass 1/2 | Refined state 29/43 (1 improved)    
Pass 1/2 | Refined state 30/43 (1 improved)    
Pass 1/2 | Refined state 31/43 (1 improved)    
Pass 1/2 | Refined state 32/43 (1 improved)    
Pass 1/2 | Refined state 33/43 (1 improved)    
Pass 1/2 | Refined state 34/43 (2 improved)    
Pass 1/2 | Refined state 35/43 (3 improved)    
Pass 1/2 | Refined state 36/43 (3 improved)    
Pass 1/2 | Refined state 37/43 (3 improved)    
Pass 1/2 | Refined state 38/43 (3 improved)    
Pass 1/2 | Refined state 39/43 (3 improved)    
Pass 1/2 | Refined state 40/43 (4 improved)    
Pass 1/2 | Refined state 41/43 (4 improved)    
Pass 1/2 | Refined state 42/43 (4 improved)    
Pass 1/2 | Refined state 43/43 (4 improved)    
 -> End of Pass 1: E = -3.546376 MeV (ΔE = 0.000027 MeV)
 -> Refinement Converged: Total improvement below 0.001000 MeV.
 - Final sweep after refinement cycle 3 -

Sweep 0 (Basis=43): E=-3.547081 MeV  (ΔE=1000002.547081)     
Sweep 1 (Basis=43): E=-3.550583 MeV  (ΔE=0.003501)     
Sweep 2 (Basis=43): E=-3.551171 MeV  (ΔE=0.000588)     
Sweep 3 (Basis=43): E=-3.551850 MeV  (ΔE=0.000679)     
Sweep 4 (Basis=43): E=-3.552038 MeV  (ΔE=0.000188)     
  - Converged: improvement < 0.001000 MeV for 3 sweeps

  Sweep improved: -3.546376 -> -3.552038 MeV (ΔE=-0.005663)


--> FINAL Classic_PN_Classic_Pi | E: -3.552038 MeV, R: 11.619941 fm

>>>>>>>> RUNNING CONFIGURATION: Relativ_PN_Classic_Pi <<<<<<<<
--- 1. Planting Geometric PN Grid & Pion Seeds ---
Skeleton Size: 13 states.

Sweep 0 (Basis=13): E=-0.056318 MeV  (ΔE=999999.056318)     
Sweep 1 (Basis=13): E=-0.188913 MeV  (ΔE=0.132596)     
Sweep 2 (Basis=13): E=-0.196002 MeV  (ΔE=0.007089)     
Sweep 3 (Basis=13): E=-0.196632 MeV  (ΔE=0.000630)     
Sweep 4 (Basis=13): E=-0.198456 MeV  (ΔE=0.001824)     
Sweep 5 (Basis=13): E=-0.198675 MeV  (ΔE=0.000219)     
Sweep 6 (Basis=13): E=-0.199472 MeV  (ΔE=0.000796)     
Sweep 7 (Basis=13): E=-0.200360 MeV  (ΔE=0.000889)     
  - Converged: improvement < 0.001000 MeV for 3 sweeps


Skeleton Energy: -0.200360 MeV

--- 2. Competitive SVM Growth ---

Added State 14 (Cycle 1, Ch 0) -> E = -0.29858 MeV    
Added State 15 (Cycle 1, Ch 1) -> E = -0.29928 MeV    
Added State 16 (Cycle 1, Ch 2) -> E = -0.30422 MeV    
Added State 17 (Cycle 1, Ch 3) -> E = -0.30493 MeV    
Added State 18 (Cycle 1, Ch 4) -> E = -0.31469 MeV    
Added State 19 (Cycle 1, Ch 5) -> E = -0.32548 MeV    
Added State 20 (Cycle 1, Ch 6) -> E = -0.32790 MeV    
Added State 21 (Cycle 1, Ch 7) -> E = -0.34045 MeV    
Added State 22 (Cycle 1, Ch 8) -> E = -0.35137 MeV    
Added State 23 (Cycle 1, Ch 9) -> E = -0.35389 MeV    
 - Sweeping Cycle 1 basis -

Sweep 0 (Basis=23): E=-1.87030 MeV  (ΔE=1000000.87030)     
Sweep 1 (Basis=23): E=-2.00914 MeV  (ΔE=0.13884)     
Sweep 2 (Basis=23): E=-2.02978 MeV  (ΔE=0.02064)     
Sweep 3 (Basis=23): E=-2.03018 MeV  (ΔE=0.00040)     
Sweep 4 (Basis=23): E=-2.03036 MeV  (ΔE=0.00018)     
Sweep 5 (Basis=23): E=-2.03095 MeV  (ΔE=0.00059)     
  - Converged: improvement < 0.00100 MeV for 3 sweeps


=== Refinement Cycle 1 ===

Pass 1/2 | Refined state 1/23 (0 improved)    
Pass 1/2 | Refined state 2/23 (1 improved)    
Pass 1/2 | Refined state 3/23 (2 improved)    
Pass 1/2 | Refined state 4/23 (3 improved)    
Pass 1/2 | Refined state 5/23 (3 improved)    
Pass 1/2 | Refined state 6/23 (4 improved)    
Pass 1/2 | Refined state 7/23 (5 improved)    
Pass 1/2 | Refined state 8/23 (6 improved)    
Pass 1/2 | Refined state 9/23 (6 improved)    
Pass 1/2 | Refined state 10/23 (7 improved)    
Pass 1/2 | Refined state 11/23 (8 improved)    
Pass 1/2 | Refined state 12/23 (9 improved)    
Pass 1/2 | Refined state 13/23 (10 improved)    
Pass 1/2 | Refined state 14/23 (10 improved)    
Pass 1/2 | Refined state 15/23 (10 improved)    
Pass 1/2 | Refined state 16/23 (10 improved)    
Pass 1/2 | Refined state 17/23 (11 improved)    
Pass 1/2 | Refined state 18/23 (11 improved)    
Pass 1/2 | Refined state 19/23 (11 improved)    
Pass 1/2 | Refined state 20/23 (11 improved)    
Pass 1/2 | Refined state 21/23 (11 improved)    
Pass 1/2 | Refined state 22/23 (11 improved)    
Pass 1/2 | Refined state 23/23 (11 improved)    
 -> End of Pass 1: E = -2.064382 MeV (ΔE = 0.033430 MeV)

Pass 2/2 | Refined state 1/23 (1 improved)    
Pass 2/2 | Refined state 2/23 (2 improved)    
Pass 2/2 | Refined state 3/23 (2 improved)    
Pass 2/2 | Refined state 4/23 (2 improved)    
Pass 2/2 | Refined state 5/23 (2 improved)    
Pass 2/2 | Refined state 6/23 (2 improved)    
Pass 2/2 | Refined state 7/23 (3 improved)    
Pass 2/2 | Refined state 8/23 (4 improved)    
Pass 2/2 | Refined state 9/23 (4 improved)    
Pass 2/2 | Refined state 10/23 (4 improved)    
Pass 2/2 | Refined state 11/23 (4 improved)    
Pass 2/2 | Refined state 12/23 (4 improved)    
Pass 2/2 | Refined state 13/23 (5 improved)    
Pass 2/2 | Refined state 14/23 (5 improved)    
Pass 2/2 | Refined state 15/23 (5 improved)    
Pass 2/2 | Refined state 16/23 (5 improved)    
Pass 2/2 | Refined state 17/23 (5 improved)    
Pass 2/2 | Refined state 18/23 (5 improved)    
Pass 2/2 | Refined state 19/23 (5 improved)    
Pass 2/2 | Refined state 20/23 (5 improved)    
Pass 2/2 | Refined state 21/23 (5 improved)    
Pass 2/2 | Refined state 22/23 (5 improved)    
Pass 2/2 | Refined state 23/23 (5 improved)    
 -> End of Pass 2: E = -2.071214 MeV (ΔE = 0.006832 MeV)
 - Final sweep after refinement cycle 1 -

Sweep 0 (Basis=23): E=-2.648167 MeV  (ΔE=1000001.648167)     
Sweep 1 (Basis=23): E=-2.652094 MeV  (ΔE=0.003927)     
Sweep 2 (Basis=23): E=-2.679879 MeV  (ΔE=0.027785)     
Sweep 3 (Basis=23): E=-2.695727 MeV  (ΔE=0.015849)     
Sweep 4 (Basis=23): E=-2.702610 MeV  (ΔE=0.006883)     
Sweep 5 (Basis=23): E=-2.709926 MeV  (ΔE=0.007316)     
Sweep 6 (Basis=23): E=-2.710997 MeV  (ΔE=0.001071)     
Sweep 7 (Basis=23): E=-2.711351 MeV  (ΔE=0.000354)     
Sweep 8 (Basis=23): E=-2.711418 MeV  (ΔE=0.000067)     
Sweep 9 (Basis=23): E=-2.711581 MeV  (ΔE=0.000162)     
  - Converged: improvement < 0.001000 MeV for 3 sweeps

  Sweep improved: -2.071214 -> -2.711581 MeV (ΔE=-0.640367)


Added State 24 (Cycle 2, Ch 0) -> E = -2.71159 MeV    
Added State 25 (Cycle 2, Ch 1) -> E = -2.71180 MeV    
Added State 26 (Cycle 2, Ch 2) -> E = -2.71208 MeV    
Added State 27 (Cycle 2, Ch 3) -> E = -2.71214 MeV    
Added State 28 (Cycle 2, Ch 4) -> E = -2.71269 MeV    
Added State 29 (Cycle 2, Ch 5) -> E = -2.71324 MeV    
Added State 30 (Cycle 2, Ch 6) -> E = -2.71330 MeV    
Added State 31 (Cycle 2, Ch 7) -> E = -2.71386 MeV    
Added State 32 (Cycle 2, Ch 8) -> E = -2.71473 MeV    
Added State 33 (Cycle 2, Ch 9) -> E = -2.71478 MeV    
 - Sweeping Cycle 2 basis -

Sweep 0 (Basis=33): E=-2.92604 MeV  (ΔE=1000001.92604)     
Sweep 1 (Basis=33): E=-3.01428 MeV  (ΔE=0.08824)     
Sweep 2 (Basis=33): E=-3.01734 MeV  (ΔE=0.00306)     
Sweep 3 (Basis=33): E=-3.01863 MeV  (ΔE=0.00128)     
Sweep 4 (Basis=33): E=-3.01891 MeV  (ΔE=0.00029)     
Sweep 5 (Basis=33): E=-3.01925 MeV  (ΔE=0.00034)     
Sweep 6 (Basis=33): E=-3.01956 MeV  (ΔE=0.00031)     
  - Converged: improvement < 0.00100 MeV for 3 sweeps


=== Refinement Cycle 2 ===

Pass 1/2 | Refined state 1/33 (0 improved)    
Pass 1/2 | Refined state 2/33 (1 improved)    
Pass 1/2 | Refined state 3/33 (1 improved)    
Pass 1/2 | Refined state 4/33 (1 improved)    
Pass 1/2 | Refined state 5/33 (1 improved)    
Pass 1/2 | Refined state 6/33 (1 improved)    
Pass 1/2 | Refined state 7/33 (1 improved)    
Pass 1/2 | Refined state 8/33 (1 improved)    
Pass 1/2 | Refined state 9/33 (1 improved)    
Pass 1/2 | Refined state 10/33 (1 improved)    
Pass 1/2 | Refined state 11/33 (1 improved)    
Pass 1/2 | Refined state 12/33 (1 improved)    
Pass 1/2 | Refined state 13/33 (1 improved)    
Pass 1/2 | Refined state 14/33 (2 improved)    
Pass 1/2 | Refined state 15/33 (2 improved)    
Pass 1/2 | Refined state 16/33 (2 improved)    
Pass 1/2 | Refined state 17/33 (2 improved)    
Pass 1/2 | Refined state 18/33 (2 improved)    
Pass 1/2 | Refined state 19/33 (2 improved)    
Pass 1/2 | Refined state 20/33 (2 improved)    
Pass 1/2 | Refined state 21/33 (2 improved)    
Pass 1/2 | Refined state 22/33 (2 improved)    
Pass 1/2 | Refined state 23/33 (2 improved)    
Pass 1/2 | Refined state 24/33 (2 improved)    
Pass 1/2 | Refined state 25/33 (2 improved)    
Pass 1/2 | Refined state 26/33 (2 improved)    
Pass 1/2 | Refined state 27/33 (2 improved)    
Pass 1/2 | Refined state 28/33 (2 improved)    
Pass 1/2 | Refined state 29/33 (2 improved)    
Pass 1/2 | Refined state 30/33 (2 improved)    
Pass 1/2 | Refined state 31/33 (2 improved)    
Pass 1/2 | Refined state 32/33 (2 improved)    
Pass 1/2 | Refined state 33/33 (2 improved)    
 -> End of Pass 1: E = -3.019562 MeV (ΔE = 0.000003 MeV)
 -> Refinement Converged: Total improvement below 0.001000 MeV.
 - Final sweep after refinement cycle 2 -

Sweep 0 (Basis=33): E=-3.019794 MeV  (ΔE=1000002.019794)     
Sweep 1 (Basis=33): E=-3.019979 MeV  (ΔE=0.000185)     
Sweep 2 (Basis=33): E=-3.020284 MeV  (ΔE=0.000305)     
Sweep 3 (Basis=33): E=-3.020439 MeV  (ΔE=0.000155)     
  - Converged: improvement < 0.001000 MeV for 3 sweeps

  Sweep improved: -3.019562 -> -3.020439 MeV (ΔE=-0.000877)


Added State 34 (Cycle 3, Ch 0) -> E = -3.02044 MeV    
Added State 35 (Cycle 3, Ch 1) -> E = -3.02062 MeV    
Added State 36 (Cycle 3, Ch 2) -> E = -3.02082 MeV    
Added State 37 (Cycle 3, Ch 3) -> E = -3.02089 MeV    
Added State 38 (Cycle 3, Ch 4) -> E = -3.02139 MeV    
Added State 39 (Cycle 3, Ch 5) -> E = -3.02169 MeV    
Added State 40 (Cycle 3, Ch 6) -> E = -3.02182 MeV    
Added State 41 (Cycle 3, Ch 7) -> E = -3.02199 MeV    
Added State 42 (Cycle 3, Ch 8) -> E = -3.02273 MeV    
Added State 43 (Cycle 3, Ch 9) -> E = -3.02280 MeV    
 - Sweeping Cycle 3 basis -

Sweep 0 (Basis=43): E=-3.12795 MeV  (ΔE=1000002.12795)     
Sweep 1 (Basis=43): E=-3.22967 MeV  (ΔE=0.10173)     
Sweep 2 (Basis=43): E=-3.23705 MeV  (ΔE=0.00738)     
Sweep 3 (Basis=43): E=-3.24004 MeV  (ΔE=0.00299)     
Sweep 4 (Basis=43): E=-3.24394 MeV  (ΔE=0.00390)     
Sweep 5 (Basis=43): E=-3.24519 MeV  (ΔE=0.00125)     
Sweep 6 (Basis=43): E=-3.24547 MeV  (ΔE=0.00028)     
Sweep 7 (Basis=43): E=-3.24770 MeV  (ΔE=0.00224)     
Sweep 8 (Basis=43): E=-3.24799 MeV  (ΔE=0.00029)     
Sweep 9 (Basis=43): E=-3.25003 MeV  (ΔE=0.00203)     
Sweep 10 (Basis=43): E=-3.25012 MeV  (ΔE=0.00009)     
Sweep 11 (Basis=43): E=-3.25025 MeV  (ΔE=0.00014)     
Sweep 12 (Basis=43): E=-3.25177 MeV  (ΔE=0.00152)     
Sweep 13 (Basis=43): E=-3.25196 MeV  (ΔE=0.00019)     
Sweep 14 (Basis=43): E=-3.25218 MeV  (ΔE=0.00022)     
Sweep 15 (Basis=43): E=-3.25225 MeV  (ΔE=0.00006)     
  - Converged: improvement < 0.00100 MeV for 3 sweeps


=== Refinement Cycle 3 ===

Pass 1/2 | Refined state 1/43 (1 improved)    
Pass 1/2 | Refined state 2/43 (2 improved)    
Pass 1/2 | Refined state 3/43 (2 improved)    
Pass 1/2 | Refined state 4/43 (2 improved)    
Pass 1/2 | Refined state 5/43 (2 improved)    
Pass 1/2 | Refined state 6/43 (2 improved)    
Pass 1/2 | Refined state 7/43 (2 improved)    
Pass 1/2 | Refined state 8/43 (2 improved)    
Pass 1/2 | Refined state 9/43 (2 improved)    
Pass 1/2 | Refined state 10/43 (2 improved)    
Pass 1/2 | Refined state 11/43 (2 improved)    
Pass 1/2 | Refined state 12/43 (2 improved)    
Pass 1/2 | Refined state 13/43 (2 improved)    
Pass 1/2 | Refined state 14/43 (3 improved)    
Pass 1/2 | Refined state 15/43 (3 improved)    
Pass 1/2 | Refined state 16/43 (3 improved)    
Pass 1/2 | Refined state 17/43 (3 improved)    
Pass 1/2 | Refined state 18/43 (3 improved)    
Pass 1/2 | Refined state 19/43 (3 improved)    
Pass 1/2 | Refined state 20/43 (3 improved)    
Pass 1/2 | Refined state 21/43 (3 improved)    
Pass 1/2 | Refined state 22/43 (3 improved)    
Pass 1/2 | Refined state 23/43 (3 improved)    
Pass 1/2 | Refined state 24/43 (3 improved)    
Pass 1/2 | Refined state 25/43 (4 improved)    
Pass 1/2 | Refined state 26/43 (4 improved)    
Pass 1/2 | Refined state 27/43 (4 improved)    
Pass 1/2 | Refined state 28/43 (4 improved)    
Pass 1/2 | Refined state 29/43 (4 improved)    
Pass 1/2 | Refined state 30/43 (4 improved)    
Pass 1/2 | Refined state 31/43 (4 improved)    
Pass 1/2 | Refined state 32/43 (4 improved)    
Pass 1/2 | Refined state 33/43 (4 improved)    
Pass 1/2 | Refined state 34/43 (5 improved)    
Pass 1/2 | Refined state 35/43 (5 improved)    
Pass 1/2 | Refined state 36/43 (5 improved)    
Pass 1/2 | Refined state 37/43 (5 improved)    
Pass 1/2 | Refined state 38/43 (5 improved)    
Pass 1/2 | Refined state 39/43 (5 improved)    
Pass 1/2 | Refined state 40/43 (5 improved)    
Pass 1/2 | Refined state 41/43 (5 improved)    
Pass 1/2 | Refined state 42/43 (5 improved)    
Pass 1/2 | Refined state 43/43 (6 improved)    
 -> End of Pass 1: E = -3.252348 MeV (ΔE = 0.000101 MeV)
 -> Refinement Converged: Total improvement below 0.001000 MeV.
 - Final sweep after refinement cycle 3 -

Sweep 0 (Basis=43): E=-3.252645 MeV  (ΔE=1000002.252645)     
Sweep 1 (Basis=43): E=-3.252781 MeV  (ΔE=0.000135)     
Sweep 2 (Basis=43): E=-3.252946 MeV  (ΔE=0.000165)     
Sweep 3 (Basis=43): E=-3.253070 MeV  (ΔE=0.000124)     
  - Converged: improvement < 0.001000 MeV for 3 sweeps

  Sweep improved: -3.252348 -> -3.253070 MeV (ΔE=-0.000722)


--> FINAL Relativ_PN_Classic_Pi | E: -3.253070 MeV, R: 15.586563 fm

>>>>>>>> RUNNING CONFIGURATION: Classic_PN_Relativ_Pi <<<<<<<<
--- 1. Planting Geometric PN Grid & Pion Seeds ---
Skeleton Size: 13 states.

Sweep 0 (Basis=13): E=-1.037521 MeV  (ΔE=1000000.037521)     
Sweep 1 (Basis=13): E=-1.195090 MeV  (ΔE=0.157569)     
Sweep 2 (Basis=13): E=-1.218334 MeV  (ΔE=0.023244)     
Sweep 3 (Basis=13): E=-1.219342 MeV  (ΔE=0.001008)     
Sweep 4 (Basis=13): E=-1.219616 MeV  (ΔE=0.000274)     
Sweep 5 (Basis=13): E=-1.220191 MeV  (ΔE=0.000575)     
Sweep 6 (Basis=13): E=-1.220390 MeV  (ΔE=0.000199)     
  - Converged: improvement < 0.001000 MeV for 3 sweeps


Skeleton Energy: -1.220390 MeV

--- 2. Competitive SVM Growth ---

Added State 14 (Cycle 1, Ch 0) -> E = -1.24860 MeV    
Added State 15 (Cycle 1, Ch 1) -> E = -1.26055 MeV    
Added State 16 (Cycle 1, Ch 2) -> E = -1.27485 MeV    
Added State 17 (Cycle 1, Ch 3) -> E = -1.27756 MeV    
Added State 18 (Cycle 1, Ch 4) -> E = -1.28136 MeV    
Added State 19 (Cycle 1, Ch 5) -> E = -1.31697 MeV    
Added State 20 (Cycle 1, Ch 6) -> E = -1.32291 MeV    
Added State 21 (Cycle 1, Ch 7) -> E = -1.35686 MeV    
Added State 22 (Cycle 1, Ch 8) -> E = -1.39835 MeV    
Added State 23 (Cycle 1, Ch 9) -> E = -1.40830 MeV    
 - Sweeping Cycle 1 basis -

Sweep 0 (Basis=23): E=-6.14444 MeV  (ΔE=1000005.14444)     
Sweep 1 (Basis=23): E=-6.16440 MeV  (ΔE=0.01996)     
Sweep 2 (Basis=23): E=-6.16841 MeV  (ΔE=0.00402)     
Sweep 3 (Basis=23): E=-6.17172 MeV  (ΔE=0.00331)     
Sweep 4 (Basis=23): E=-6.17244 MeV  (ΔE=0.00072)     
Sweep 5 (Basis=23): E=-6.17349 MeV  (ΔE=0.00105)     
Sweep 6 (Basis=23): E=-6.17417 MeV  (ΔE=0.00068)     
Sweep 7 (Basis=23): E=-6.17575 MeV  (ΔE=0.00158)     
Sweep 8 (Basis=23): E=-6.17729 MeV  (ΔE=0.00154)     
Sweep 9 (Basis=23): E=-6.17765 MeV  (ΔE=0.00036)     
Sweep 10 (Basis=23): E=-6.17827 MeV  (ΔE=0.00062)     
Sweep 11 (Basis=23): E=-6.17898 MeV  (ΔE=0.00071)     
  - Converged: improvement < 0.00100 MeV for 3 sweeps


=== Refinement Cycle 1 ===

Pass 1/2 | Refined state 1/23 (0 improved)    
Pass 1/2 | Refined state 2/23 (1 improved)    
Pass 1/2 | Refined state 3/23 (2 improved)    
Pass 1/2 | Refined state 4/23 (3 improved)    
Pass 1/2 | Refined state 5/23 (4 improved)    
Pass 1/2 | Refined state 6/23 (4 improved)    
Pass 1/2 | Refined state 7/23 (5 improved)    
Pass 1/2 | Refined state 8/23 (5 improved)    
Pass 1/2 | Refined state 9/23 (6 improved)    
Pass 1/2 | Refined state 10/23 (7 improved)    
Pass 1/2 | Refined state 11/23 (8 improved)    
Pass 1/2 | Refined state 12/23 (8 improved)    
Pass 1/2 | Refined state 13/23 (9 improved)    
Pass 1/2 | Refined state 14/23 (10 improved)    
Pass 1/2 | Refined state 15/23 (10 improved)    
Pass 1/2 | Refined state 16/23 (10 improved)    
Pass 1/2 | Refined state 17/23 (10 improved)    
Pass 1/2 | Refined state 18/23 (10 improved)    
Pass 1/2 | Refined state 19/23 (10 improved)    
Pass 1/2 | Refined state 20/23 (10 improved)    
Pass 1/2 | Refined state 21/23 (10 improved)    
Pass 1/2 | Refined state 22/23 (10 improved)    
Pass 1/2 | Refined state 23/23 (10 improved)    
 -> End of Pass 1: E = -6.225309 MeV (ΔE = 0.046334 MeV)

Pass 2/2 | Refined state 1/23 (1 improved)    
Pass 2/2 | Refined state 2/23 (2 improved)    
Pass 2/2 | Refined state 3/23 (3 improved)    
Pass 2/2 | Refined state 4/23 (3 improved)    
Pass 2/2 | Refined state 5/23 (3 improved)    
Pass 2/2 | Refined state 6/23 (3 improved)    
Pass 2/2 | Refined state 7/23 (3 improved)    
Pass 2/2 | Refined state 8/23 (3 improved)    
Pass 2/2 | Refined state 9/23 (3 improved)    
Pass 2/2 | Refined state 10/23 (4 improved)    
Pass 2/2 | Refined state 11/23 (4 improved)    
Pass 2/2 | Refined state 12/23 (4 improved)    
Pass 2/2 | Refined state 13/23 (5 improved)    
Pass 2/2 | Refined state 14/23 (5 improved)    
Pass 2/2 | Refined state 15/23 (5 improved)    
Pass 2/2 | Refined state 16/23 (5 improved)    
Pass 2/2 | Refined state 17/23 (5 improved)    
Pass 2/2 | Refined state 18/23 (5 improved)    
Pass 2/2 | Refined state 19/23 (5 improved)    
Pass 2/2 | Refined state 20/23 (5 improved)    
Pass 2/2 | Refined state 21/23 (5 improved)    
Pass 2/2 | Refined state 22/23 (5 improved)    
Pass 2/2 | Refined state 23/23 (5 improved)    
 -> End of Pass 2: E = -6.230157 MeV (ΔE = 0.004848 MeV)
 - Final sweep after refinement cycle 1 -

Sweep 0 (Basis=23): E=-7.852435 MeV  (ΔE=1000006.852435)     
Sweep 1 (Basis=23): E=-8.744402 MeV  (ΔE=0.891966)     
Sweep 2 (Basis=23): E=-8.745223 MeV  (ΔE=0.000821)     
Sweep 3 (Basis=23): E=-8.746018 MeV  (ΔE=0.000795)     
Sweep 4 (Basis=23): E=-8.746886 MeV  (ΔE=0.000867)     
  - Converged: improvement < 0.001000 MeV for 3 sweeps

  Sweep improved: -6.230157 -> -8.746886 MeV (ΔE=-2.516728)


Added State 24 (Cycle 2, Ch 0) -> E = -8.74692 MeV    
Added State 25 (Cycle 2, Ch 1) -> E = -8.74846 MeV    
Added State 26 (Cycle 2, Ch 2) -> E = -8.75154 MeV    
Added State 27 (Cycle 2, Ch 3) -> E = -8.75202 MeV    
Added State 28 (Cycle 2, Ch 4) -> E = -8.75514 MeV    
Added State 29 (Cycle 2, Ch 5) -> E = -8.75736 MeV    
Added State 30 (Cycle 2, Ch 6) -> E = -8.75947 MeV    
Added State 31 (Cycle 2, Ch 7) -> E = -8.76514 MeV    
Added State 32 (Cycle 2, Ch 8) -> E = -8.76763 MeV    
Added State 33 (Cycle 2, Ch 9) -> E = -8.76795 MeV    
 - Sweeping Cycle 2 basis -

Sweep 0 (Basis=33): E=-9.93601 MeV  (ΔE=1000008.93601)     
Sweep 1 (Basis=33): E=-9.94552 MeV  (ΔE=0.00951)     
Sweep 2 (Basis=33): E=-9.94703 MeV  (ΔE=0.00150)     
Sweep 3 (Basis=33): E=-9.94825 MeV  (ΔE=0.00122)     
Sweep 4 (Basis=33): E=-9.94869 MeV  (ΔE=0.00045)     
Sweep 5 (Basis=33): E=-9.94982 MeV  (ΔE=0.00112)     
Sweep 6 (Basis=33): E=-9.95023 MeV  (ΔE=0.00041)     
Sweep 7 (Basis=33): E=-9.95032 MeV  (ΔE=0.00010)     
Sweep 8 (Basis=33): E=-9.99766 MeV  (ΔE=0.04734)     
Sweep 9 (Basis=33): E=-10.38037 MeV  (ΔE=0.38271)     
Sweep 10 (Basis=33): E=-10.48185 MeV  (ΔE=0.10148)     
Sweep 11 (Basis=33): E=-10.49944 MeV  (ΔE=0.01758)     
Sweep 12 (Basis=33): E=-10.50235 MeV  (ΔE=0.00291)     
Sweep 13 (Basis=33): E=-10.50302 MeV  (ΔE=0.00067)     
Sweep 14 (Basis=33): E=-10.50313 MeV  (ΔE=0.00011)     
Sweep 15 (Basis=33): E=-10.50330 MeV  (ΔE=0.00017)     
  - Converged: improvement < 0.00100 MeV for 3 sweeps


=== Refinement Cycle 2 ===

Pass 1/2 | Refined state 1/33 (1 improved)    
Pass 1/2 | Refined state 2/33 (2 improved)    
Pass 1/2 | Refined state 3/33 (2 improved)    
Pass 1/2 | Refined state 4/33 (3 improved)    
Pass 1/2 | Refined state 5/33 (3 improved)    
Pass 1/2 | Refined state 6/33 (3 improved)    
Pass 1/2 | Refined state 7/33 (3 improved)    
Pass 1/2 | Refined state 8/33 (3 improved)    
Pass 1/2 | Refined state 9/33 (3 improved)    
Pass 1/2 | Refined state 10/33 (3 improved)    
Pass 1/2 | Refined state 11/33 (3 improved)    
Pass 1/2 | Refined state 12/33 (3 improved)    
Pass 1/2 | Refined state 13/33 (3 improved)    
Pass 1/2 | Refined state 14/33 (3 improved)    
Pass 1/2 | Refined state 15/33 (3 improved)    
Pass 1/2 | Refined state 16/33 (3 improved)    
Pass 1/2 | Refined state 17/33 (3 improved)    
Pass 1/2 | Refined state 18/33 (3 improved)    
Pass 1/2 | Refined state 19/33 (3 improved)    
Pass 1/2 | Refined state 20/33 (3 improved)    
Pass 1/2 | Refined state 21/33 (3 improved)    
Pass 1/2 | Refined state 22/33 (3 improved)    
Pass 1/2 | Refined state 23/33 (3 improved)    
Pass 1/2 | Refined state 24/33 (4 improved)    
Pass 1/2 | Refined state 25/33 (4 improved)    
Pass 1/2 | Refined state 26/33 (4 improved)    
Pass 1/2 | Refined state 27/33 (5 improved)    
Pass 1/2 | Refined state 28/33 (5 improved)    
Pass 1/2 | Refined state 29/33 (5 improved)    
Pass 1/2 | Refined state 30/33 (5 improved)    
Pass 1/2 | Refined state 31/33 (5 improved)    
Pass 1/2 | Refined state 32/33 (5 improved)    
Pass 1/2 | Refined state 33/33 (5 improved)    
 -> End of Pass 1: E = -10.503391 MeV (ΔE = 0.000091 MeV)
 -> Refinement Converged: Total improvement below 0.001000 MeV.
 - Final sweep after refinement cycle 2 -

Sweep 0 (Basis=33): E=-10.503601 MeV  (ΔE=1000009.503601)     
Sweep 1 (Basis=33): E=-10.503759 MeV  (ΔE=0.000157)     
Sweep 2 (Basis=33): E=-10.504005 MeV  (ΔE=0.000246)     
Sweep 3 (Basis=33): E=-10.504154 MeV  (ΔE=0.000149)     
  - Converged: improvement < 0.001000 MeV for 3 sweeps

  Sweep improved: -10.503391 -> -10.504154 MeV (ΔE=-0.000763)


Added State 34 (Cycle 3, Ch 0) -> E = -10.50416 MeV    
Added State 35 (Cycle 3, Ch 1) -> E = -10.50465 MeV    
Added State 36 (Cycle 3, Ch 2) -> E = -10.50545 MeV    
Added State 37 (Cycle 3, Ch 3) -> E = -10.50565 MeV    
Added State 38 (Cycle 3, Ch 4) -> E = -10.50696 MeV    
Added State 39 (Cycle 3, Ch 5) -> E = -10.50814 MeV    
Added State 40 (Cycle 3, Ch 6) -> E = -10.50817 MeV    
Added State 41 (Cycle 3, Ch 7) -> E = -10.50891 MeV    
Added State 42 (Cycle 3, Ch 8) -> E = -10.51038 MeV    
Added State 43 (Cycle 3, Ch 9) -> E = -10.51053 MeV    
 - Sweeping Cycle 3 basis -

Sweep 0 (Basis=43): E=-10.60208 MeV  (ΔE=1000009.60208)     
Sweep 1 (Basis=43): E=-10.61528 MeV  (ΔE=0.01321)     
Sweep 2 (Basis=43): E=-10.61735 MeV  (ΔE=0.00207)     
Sweep 3 (Basis=43): E=-10.61858 MeV  (ΔE=0.00123)     
Sweep 4 (Basis=43): E=-10.61909 MeV  (ΔE=0.00051)     
Sweep 5 (Basis=43): E=-10.61972 MeV  (ΔE=0.00063)     
Sweep 6 (Basis=43): E=-10.62004 MeV  (ΔE=0.00032)     
  - Converged: improvement < 0.00100 MeV for 3 sweeps


=== Refinement Cycle 3 ===

Pass 1/2 | Refined state 1/43 (1 improved)    
Pass 1/2 | Refined state 2/43 (2 improved)    
Pass 1/2 | Refined state 3/43 (2 improved)    
Pass 1/2 | Refined state 4/43 (2 improved)    
Pass 1/2 | Refined state 5/43 (2 improved)    
Pass 1/2 | Refined state 6/43 (2 improved)    
Pass 1/2 | Refined state 7/43 (2 improved)    
Pass 1/2 | Refined state 8/43 (2 improved)    
Pass 1/2 | Refined state 9/43 (2 improved)    
Pass 1/2 | Refined state 10/43 (2 improved)    
Pass 1/2 | Refined state 11/43 (2 improved)    
Pass 1/2 | Refined state 12/43 (2 improved)    
Pass 1/2 | Refined state 13/43 (2 improved)    
Pass 1/2 | Refined state 14/43 (2 improved)    
Pass 1/2 | Refined state 15/43 (2 improved)    
Pass 1/2 | Refined state 16/43 (2 improved)    
Pass 1/2 | Refined state 17/43 (2 improved)    
Pass 1/2 | Refined state 18/43 (2 improved)    
Pass 1/2 | Refined state 19/43 (2 improved)    
Pass 1/2 | Refined state 20/43 (2 improved)    
Pass 1/2 | Refined state 21/43 (2 improved)    
Pass 1/2 | Refined state 22/43 (2 improved)    
Pass 1/2 | Refined state 23/43 (2 improved)    
Pass 1/2 | Refined state 24/43 (2 improved)    
Pass 1/2 | Refined state 25/43 (2 improved)    
Pass 1/2 | Refined state 26/43 (2 improved)    
Pass 1/2 | Refined state 27/43 (2 improved)    
Pass 1/2 | Refined state 28/43 (2 improved)    
Pass 1/2 | Refined state 29/43 (2 improved)    
Pass 1/2 | Refined state 30/43 (2 improved)    
Pass 1/2 | Refined state 31/43 (2 improved)    
Pass 1/2 | Refined state 32/43 (2 improved)    
Pass 1/2 | Refined state 33/43 (2 improved)    
Pass 1/2 | Refined state 34/43 (2 improved)    
Pass 1/2 | Refined state 35/43 (2 improved)    
Pass 1/2 | Refined state 36/43 (2 improved)    
Pass 1/2 | Refined state 37/43 (2 improved)    
Pass 1/2 | Refined state 38/43 (2 improved)    
Pass 1/2 | Refined state 39/43 (2 improved)    
Pass 1/2 | Refined state 40/43 (3 improved)    
Pass 1/2 | Refined state 41/43 (3 improved)    
Pass 1/2 | Refined state 42/43 (3 improved)    
Pass 1/2 | Refined state 43/43 (3 improved)    
 -> End of Pass 1: E = -10.620080 MeV (ΔE = 0.000042 MeV)
 -> Refinement Converged: Total improvement below 0.001000 MeV.
 - Final sweep after refinement cycle 3 -

Sweep 0 (Basis=43): E=-10.620591 MeV  (ΔE=1000009.620591)     
Sweep 1 (Basis=43): E=-10.620982 MeV  (ΔE=0.000392)     
Sweep 2 (Basis=43): E=-10.621179 MeV  (ΔE=0.000197)     
Sweep 3 (Basis=43): E=-10.621454 MeV  (ΔE=0.000275)     
  - Converged: improvement < 0.001000 MeV for 3 sweeps

  Sweep improved: -10.620080 -> -10.621454 MeV (ΔE=-0.001374)


--> FINAL Classic_PN_Relativ_Pi | E: -10.621454 MeV, R: 8.016141 fm

>>>>>>>> RUNNING CONFIGURATION: Relativ_PN_Relativ_Pi <<<<<<<<
--- 1. Planting Geometric PN Grid & Pion Seeds ---
Skeleton Size: 13 states.

Sweep 0 (Basis=13): E=-0.178916 MeV  (ΔE=999999.178916)     
Sweep 1 (Basis=13): E=-0.489783 MeV  (ΔE=0.310867)     
Sweep 2 (Basis=13): E=-0.988437 MeV  (ΔE=0.498654)     
Sweep 3 (Basis=13): E=-0.988745 MeV  (ΔE=0.000308)     
Sweep 4 (Basis=13): E=-0.988982 MeV  (ΔE=0.000236)     
Sweep 5 (Basis=13): E=-0.989387 MeV  (ΔE=0.000405)     
  - Converged: improvement < 0.001000 MeV for 3 sweeps


Skeleton Energy: -0.989387 MeV

--- 2. Competitive SVM Growth ---

Added State 14 (Cycle 1, Ch 0) -> E = -1.06150 MeV    
Added State 15 (Cycle 1, Ch 1) -> E = -1.06310 MeV    
Added State 16 (Cycle 1, Ch 2) -> E = -1.07611 MeV    
Added State 17 (Cycle 1, Ch 3) -> E = -1.07821 MeV    
Added State 18 (Cycle 1, Ch 4) -> E = -1.09559 MeV    
Added State 19 (Cycle 1, Ch 5) -> E = -1.13168 MeV    
Added State 20 (Cycle 1, Ch 6) -> E = -1.13731 MeV    
Added State 21 (Cycle 1, Ch 7) -> E = -1.14239 MeV    
Added State 22 (Cycle 1, Ch 8) -> E = -1.17533 MeV    
Added State 23 (Cycle 1, Ch 9) -> E = -1.18174 MeV    
 - Sweeping Cycle 1 basis -

Sweep 0 (Basis=23): E=-5.62975 MeV  (ΔE=1000004.62975)     
Sweep 1 (Basis=23): E=-5.77090 MeV  (ΔE=0.14115)     
Sweep 2 (Basis=23): E=-5.77151 MeV  (ΔE=0.00061)     
Sweep 3 (Basis=23): E=-5.77177 MeV  (ΔE=0.00025)     
Sweep 4 (Basis=23): E=-5.77271 MeV  (ΔE=0.00094)     
  - Converged: improvement < 0.00100 MeV for 3 sweeps


=== Refinement Cycle 1 ===

Pass 1/2 | Refined state 1/23 (0 improved)    
Pass 1/2 | Refined state 2/23 (1 improved)    
Pass 1/2 | Refined state 3/23 (2 improved)    
Pass 1/2 | Refined state 4/23 (3 improved)    
Pass 1/2 | Refined state 5/23 (3 improved)    
Pass 1/2 | Refined state 6/23 (4 improved)    
Pass 1/2 | Refined state 7/23 (5 improved)    
Pass 1/2 | Refined state 8/23 (6 improved)    
Pass 1/2 | Refined state 9/23 (7 improved)    
Pass 1/2 | Refined state 10/23 (7 improved)    
Pass 1/2 | Refined state 11/23 (7 improved)    
Pass 1/2 | Refined state 12/23 (8 improved)    
Pass 1/2 | Refined state 13/23 (9 improved)    
Pass 1/2 | Refined state 14/23 (10 improved)    
Pass 1/2 | Refined state 15/23 (10 improved)    
Pass 1/2 | Refined state 16/23 (10 improved)    
Pass 1/2 | Refined state 17/23 (10 improved)    
Pass 1/2 | Refined state 18/23 (10 improved)    
Pass 1/2 | Refined state 19/23 (10 improved)    
Pass 1/2 | Refined state 20/23 (10 improved)    
Pass 1/2 | Refined state 21/23 (10 improved)    
Pass 1/2 | Refined state 22/23 (10 improved)    
Pass 1/2 | Refined state 23/23 (10 improved)    
 -> End of Pass 1: E = -5.833750 MeV (ΔE = 0.061045 MeV)

Pass 2/2 | Refined state 1/23 (0 improved)    
Pass 2/2 | Refined state 2/23 (1 improved)    
Pass 2/2 | Refined state 3/23 (2 improved)    
Pass 2/2 | Refined state 4/23 (3 improved)    
Pass 2/2 | Refined state 5/23 (3 improved)    
Pass 2/2 | Refined state 6/23 (3 improved)    
Pass 2/2 | Refined state 7/23 (3 improved)    
Pass 2/2 | Refined state 8/23 (4 improved)    
Pass 2/2 | Refined state 9/23 (4 improved)    
Pass 2/2 | Refined state 10/23 (4 improved)    
Pass 2/2 | Refined state 11/23 (4 improved)    
Pass 2/2 | Refined state 12/23 (5 improved)    
Pass 2/2 | Refined state 13/23 (6 improved)    
Pass 2/2 | Refined state 14/23 (7 improved)    
Pass 2/2 | Refined state 15/23 (7 improved)    
Pass 2/2 | Refined state 16/23 (7 improved)    
Pass 2/2 | Refined state 17/23 (7 improved)    
Pass 2/2 | Refined state 18/23 (7 improved)    
Pass 2/2 | Refined state 19/23 (7 improved)    
Pass 2/2 | Refined state 20/23 (7 improved)    
Pass 2/2 | Refined state 21/23 (7 improved)    
Pass 2/2 | Refined state 22/23 (7 improved)    
Pass 2/2 | Refined state 23/23 (7 improved)    
 -> End of Pass 2: E = -5.840908 MeV (ΔE = 0.007158 MeV)
 - Final sweep after refinement cycle 1 -

Sweep 0 (Basis=23): E=-7.898853 MeV  (ΔE=1000006.898853)     
Sweep 1 (Basis=23): E=-8.389089 MeV  (ΔE=0.490235)     
Sweep 2 (Basis=23): E=-8.563403 MeV  (ΔE=0.174314)     
Sweep 3 (Basis=23): E=-8.568728 MeV  (ΔE=0.005325)     
Sweep 4 (Basis=23): E=-8.569382 MeV  (ΔE=0.000654)     
Sweep 5 (Basis=23): E=-8.569409 MeV  (ΔE=0.000027)     
Sweep 6 (Basis=23): E=-8.569478 MeV  (ΔE=0.000069)     
  - Converged: improvement < 0.001000 MeV for 3 sweeps

  Sweep improved: -5.840908 -> -8.569478 MeV (ΔE=-2.728570)


Added State 24 (Cycle 2, Ch 0) -> E = -8.56967 MeV    
Added State 25 (Cycle 2, Ch 1) -> E = -8.57117 MeV    
Added State 26 (Cycle 2, Ch 2) -> E = -8.57245 MeV    
Added State 27 (Cycle 2, Ch 3) -> E = -8.57283 MeV    
Added State 28 (Cycle 2, Ch 4) -> E = -8.57600 MeV    
Added State 29 (Cycle 2, Ch 5) -> E = -8.57771 MeV    
Added State 30 (Cycle 2, Ch 6) -> E = -8.57897 MeV    
Added State 31 (Cycle 2, Ch 7) -> E = -8.58040 MeV    
Added State 32 (Cycle 2, Ch 8) -> E = -8.58177 MeV    
Added State 33 (Cycle 2, Ch 9) -> E = -8.58198 MeV    
 - Sweeping Cycle 2 basis -

Sweep 0 (Basis=33): E=-9.17910 MeV  (ΔE=1000008.17910)     
Sweep 1 (Basis=33): E=-9.19851 MeV  (ΔE=0.01941)     
Sweep 2 (Basis=33): E=-9.19967 MeV  (ΔE=0.00116)     
Sweep 3 (Basis=33): E=-9.20017 MeV  (ΔE=0.00050)     
Sweep 4 (Basis=33): E=-9.20117 MeV  (ΔE=0.00101)     
Sweep 5 (Basis=33): E=-9.20247 MeV  (ΔE=0.00130)     
Sweep 6 (Basis=33): E=-9.20250 MeV  (ΔE=0.00003)     
Sweep 7 (Basis=33): E=-9.20254 MeV  (ΔE=0.00004)     
Sweep 8 (Basis=33): E=-9.20262 MeV  (ΔE=0.00008)     
  - Converged: improvement < 0.00100 MeV for 3 sweeps


=== Refinement Cycle 2 ===

Pass 1/2 | Refined state 1/33 (0 improved)    
Pass 1/2 | Refined state 2/33 (0 improved)    
Pass 1/2 | Refined state 3/33 (1 improved)    
Pass 1/2 | Refined state 4/33 (2 improved)    
Pass 1/2 | Refined state 5/33 (2 improved)    
Pass 1/2 | Refined state 6/33 (2 improved)    
Pass 1/2 | Refined state 7/33 (2 improved)    
Pass 1/2 | Refined state 8/33 (2 improved)    
Pass 1/2 | Refined state 9/33 (2 improved)    
Pass 1/2 | Refined state 10/33 (2 improved)    
Pass 1/2 | Refined state 11/33 (2 improved)    
Pass 1/2 | Refined state 12/33 (2 improved)    
Pass 1/2 | Refined state 13/33 (2 improved)    
Pass 1/2 | Refined state 14/33 (3 improved)    
Pass 1/2 | Refined state 15/33 (3 improved)    
Pass 1/2 | Refined state 16/33 (3 improved)    
Pass 1/2 | Refined state 17/33 (3 improved)    
Pass 1/2 | Refined state 18/33 (3 improved)    
Pass 1/2 | Refined state 19/33 (3 improved)    
Pass 1/2 | Refined state 20/33 (3 improved)    
Pass 1/2 | Refined state 21/33 (3 improved)    
Pass 1/2 | Refined state 22/33 (3 improved)    
Pass 1/2 | Refined state 23/33 (3 improved)    
Pass 1/2 | Refined state 24/33 (4 improved)    
Pass 1/2 | Refined state 25/33 (4 improved)    
Pass 1/2 | Refined state 26/33 (4 improved)    
Pass 1/2 | Refined state 27/33 (5 improved)    
Pass 1/2 | Refined state 28/33 (5 improved)    
Pass 1/2 | Refined state 29/33 (5 improved)    
Pass 1/2 | Refined state 30/33 (5 improved)    
Pass 1/2 | Refined state 31/33 (5 improved)    
Pass 1/2 | Refined state 32/33 (5 improved)    
Pass 1/2 | Refined state 33/33 (5 improved)    
 -> End of Pass 1: E = -9.203317 MeV (ΔE = 0.000698 MeV)
 -> Refinement Converged: Total improvement below 0.001000 MeV.
 - Final sweep after refinement cycle 2 -

Sweep 0 (Basis=33): E=-9.203430 MeV  (ΔE=1000008.203430)     
Sweep 1 (Basis=33): E=-9.203446 MeV  (ΔE=0.000016)     
Sweep 2 (Basis=33): E=-9.203452 MeV  (ΔE=0.000006)     
Sweep 3 (Basis=33): E=-9.203457 MeV  (ΔE=0.000005)     
  - Converged: improvement < 0.001000 MeV for 3 sweeps

  Sweep improved: -9.203317 -> -9.203457 MeV (ΔE=-0.000140)


Added State 34 (Cycle 3, Ch 0) -> E = -9.20363 MeV    
Added State 35 (Cycle 3, Ch 1) -> E = -9.20474 MeV    
Added State 36 (Cycle 3, Ch 2) -> E = -9.20565 MeV    
Added State 37 (Cycle 3, Ch 3) -> E = -9.20582 MeV    
Added State 38 (Cycle 3, Ch 4) -> E = -9.20690 MeV    
Added State 39 (Cycle 3, Ch 5) -> E = -9.20784 MeV    
Added State 40 (Cycle 3, Ch 6) -> E = -9.20828 MeV    
Added State 41 (Cycle 3, Ch 7) -> E = -9.20915 MeV    
Added State 42 (Cycle 3, Ch 8) -> E = -9.20991 MeV    
Added State 43 (Cycle 3, Ch 9) -> E = -9.21020 MeV    
 - Sweeping Cycle 3 basis -

Sweep 0 (Basis=43): E=-9.40142 MeV  (ΔE=1000008.40142)     
Sweep 1 (Basis=43): E=-9.63530 MeV  (ΔE=0.23388)     
Sweep 2 (Basis=43): E=-9.66646 MeV  (ΔE=0.03117)     
Sweep 3 (Basis=43): E=-9.66725 MeV  (ΔE=0.00078)     
Sweep 4 (Basis=43): E=-9.66804 MeV  (ΔE=0.00079)     
Sweep 5 (Basis=43): E=-9.66914 MeV  (ΔE=0.00110)     
Sweep 6 (Basis=43): E=-9.66999 MeV  (ΔE=0.00085)     
Sweep 7 (Basis=43): E=-9.67041 MeV  (ΔE=0.00042)     
Sweep 8 (Basis=43): E=-9.67076 MeV  (ΔE=0.00035)     
  - Converged: improvement < 0.00100 MeV for 3 sweeps


=== Refinement Cycle 3 ===

Pass 1/2 | Refined state 1/43 (1 improved)    
Pass 1/2 | Refined state 2/43 (1 improved)    
Pass 1/2 | Refined state 3/43 (1 improved)    
Pass 1/2 | Refined state 4/43 (1 improved)    
Pass 1/2 | Refined state 5/43 (1 improved)    
Pass 1/2 | Refined state 6/43 (1 improved)    
Pass 1/2 | Refined state 7/43 (1 improved)    
Pass 1/2 | Refined state 8/43 (1 improved)    
Pass 1/2 | Refined state 9/43 (1 improved)    
Pass 1/2 | Refined state 10/43 (1 improved)    
Pass 1/2 | Refined state 11/43 (1 improved)    
Pass 1/2 | Refined state 12/43 (1 improved)    
Pass 1/2 | Refined state 13/43 (1 improved)    
Pass 1/2 | Refined state 14/43 (2 improved)    
Pass 1/2 | Refined state 15/43 (2 improved)    
Pass 1/2 | Refined state 16/43 (2 improved)    
Pass 1/2 | Refined state 17/43 (2 improved)    
Pass 1/2 | Refined state 18/43 (2 improved)    
Pass 1/2 | Refined state 19/43 (2 improved)    
Pass 1/2 | Refined state 20/43 (2 improved)    
Pass 1/2 | Refined state 21/43 (2 improved)    
Pass 1/2 | Refined state 22/43 (2 improved)    
Pass 1/2 | Refined state 23/43 (2 improved)    
Pass 1/2 | Refined state 24/43 (2 improved)    
Pass 1/2 | Refined state 25/43 (2 improved)    
Pass 1/2 | Refined state 26/43 (2 improved)    
Pass 1/2 | Refined state 27/43 (3 improved)    
Pass 1/2 | Refined state 28/43 (3 improved)    
Pass 1/2 | Refined state 29/43 (3 improved)    
Pass 1/2 | Refined state 30/43 (3 improved)    
Pass 1/2 | Refined state 31/43 (3 improved)    
Pass 1/2 | Refined state 32/43 (3 improved)    
Pass 1/2 | Refined state 33/43 (4 improved)    
Pass 1/2 | Refined state 34/43 (5 improved)    
Pass 1/2 | Refined state 35/43 (5 improved)    
Pass 1/2 | Refined state 36/43 (5 improved)    
Pass 1/2 | Refined state 37/43 (5 improved)    
Pass 1/2 | Refined state 38/43 (5 improved)    
Pass 1/2 | Refined state 39/43 (5 improved)    
Pass 1/2 | Refined state 40/43 (6 improved)    
Pass 1/2 | Refined state 41/43 (6 improved)    
Pass 1/2 | Refined state 42/43 (6 improved)    
Pass 1/2 | Refined state 43/43 (6 improved)    
 -> End of Pass 1: E = -9.670973 MeV (ΔE = 0.000209 MeV)
 -> Refinement Converged: Total improvement below 0.001000 MeV.
 - Final sweep after refinement cycle 3 -

Sweep 0 (Basis=43): E=-9.671181 MeV  (ΔE=1000008.671181)     
Sweep 1 (Basis=43): E=-9.671385 MeV  (ΔE=0.000205)     
Sweep 2 (Basis=43): E=-9.671583 MeV  (ΔE=0.000197)     
Sweep 3 (Basis=43): E=-9.671641 MeV  (ΔE=0.000058)     
  - Converged: improvement < 0.001000 MeV for 3 sweeps

  Sweep improved: -9.670973 -> -9.671641 MeV (ΔE=-0.000668)


--> FINAL Relativ_PN_Relativ_Pi | E: -9.671641 MeV, R: 8.743892 fm

=======================================================
                 FINAL RESULTS SUMMARY                 
=======================================================
Classic_PN_Classic_Pi    | Energy:  -3.55204 MeV | Radius: 11.61994 fm
Relativ_PN_Classic_Pi    | Energy:  -3.25307 MeV | Radius: 15.58656 fm
Classic_PN_Relativ_Pi    | Energy: -10.62145 MeV | Radius:  8.01614 fm
Relativ_PN_Relativ_Pi    | Energy:  -9.67164 MeV | Radius:  8.74389 fm
-------------------------------------------------------
Experimental Target      | Energy:  -2.22400 MeV | Radius:  2.12800 fm
=======================================================

Plot ready: 'convergence_master.data' saved successfully.
