  [REJECT] Shift too large: 5 fm > 5 fm
  [REJECT] Shift too large: 71.6101 fm > 5 fm
  [REJECT] Shift too large: 7.10182 fm > 5 fm
  [REJECT] Shift too large: 21.3097 fm > 5 fm
  [REJECT] Shift too large: 6.67121 fm > 5 fm
  [REJECT] Shift too large: 6.67121 fm > 5 fm
  [REJECT] Shift too large: 5.64859 fm > 5 fm
  [REJECT] Shift too large: 5.92879 fm > 5 fm
  [REJECT] Shift too large: 5.72764 fm > 5 fm
  [REJECT] Shift too large: 5.41513 fm > 5 fm
  [REJECT] Shift too large: 5.50387 fm > 5 fm
  [REJECT] Shift too large: 5.03421 fm > 5 fm
  [REJECT] Shift too large: 5.19973 fm > 5 fm
  [REJECT] Shift too large: 5.03377 fm > 5 fm
  [REJECT] Shift too large: 5.07927 fm > 5 fm
  [REJECT] Shift too large: 5.10535 fm > 5 fm
  [REJECT] Shift too large: 5.01062 fm > 5 fm
  [REJECT] Shift too large: 5.03567 fm > 5 fm
  [REJECT] Shift too large: 5.07764 fm > 5 fm
  [REJECT] Shift too large: 5.00158 fm > 5 fm
  [REJECT] Shift too large: 5.01166 fm > 5 fm
  [REJECT] Shift too large: 5.04105 fm > 5 fm
  [REJECT] Shift too large: 5.02533 fm > 5 fm
  [REJECT] Shift too large: 5.0238 fm > 5 fm
  [REJECT] Shift too large: 5.03695 fm > 5 fm
  [REJECT] Shift too large: 5.01788 fm > 5 fm
  [REJECT] Shift too large: 5.02453 fm > 5 fm
  [REJECT] Shift too large: 5.00652 fm > 5 fm
  [REJECT] Shift too large: 5.00846 fm > 5 fm
  [REJECT] Shift too large: 5.00463 fm > 5 fm
  [REJECT] Shift too large: 5.00404 fm > 5 fm
  [REJECT] Shift too large: 5.00151 fm > 5 fm
  [REJECT] Shift too large: 5.01136 fm > 5 fm
  [REJECT] Shift too large: 5.0034 fm > 5 fm
  [REJECT] Shift too large: 5.0056 fm > 5 fm
  [REJECT] Shift too large: 5.00195 fm > 5 fm
  [REJECT] Shift too large: 5.00252 fm > 5 fm
  [REJECT] Shift too large: 5.00184 fm > 5 fm
  [REJECT] Shift too large: 5.00099 fm > 5 fm
  [REJECT] Shift too large: 5.00063 fm > 5 fm
  [REJECT] Shift too large: 5.00004 fm > 5 fm
  [REJECT] Shift too large: 5.00026 fm > 5 fm
  [REJECT] Shift too large: 5.00059 fm > 5 fm
  [REJECT] det(A)=0.0001 <= 0.0001
  [REJECT] Shift too large: 350 fm > 5 fm
  [REJECT] Shift too large: 500 fm > 5 fm
  [REJECT] Shift too large: 350 fm > 5 fm
  [REJECT] Shift too large: 12.8987 fm > 5 fm
  [REJECT] Shift too large: 37.7099 fm > 5 fm
  [REJECT] Shift too large: 6.94444 fm > 5 fm
  [REJECT] Shift too large: 44.2037 fm > 5 fm
  [REJECT] Shift too large: 9.7843 fm > 5 fm
  [REJECT] Shift too large: 8.23092 fm > 5 fm
  [REJECT] Shift too large: 1288.65 fm > 5 fm
  [REJECT] Shift too large: 905.588 fm > 5 fm
  [REJECT] Shift too large: 905.588 fm > 5 fm
  [REJECT] Shift too large: 43.4414 fm > 5 fm
  [REJECT] Shift too large: 174.587 fm > 5 fm
  [REJECT] Shift too large: 68.6172 fm > 5 fm
  [REJECT] Shift too large: 68.6172 fm > 5 fm
  [REJECT] Shift too large: 36.9077 fm > 5 fm
  [REJECT] Shift too large: 6.67051 fm > 5 fm
  [REJECT] Shift too large: 7.72192 fm > 5 fm
  [REJECT] Shift too large: 11.3781 fm > 5 fm
  [REJECT] Shift too large: 9.2179 fm > 5 fm
  [REJECT] Shift too large: 6.72584 fm > 5 fm
  [REJECT] Shift too large: 6.24735 fm > 5 fm
  [REJECT] Shift too large: 5.45301 fm > 5 fm
  [REJECT] Shift too large: 5.18211 fm > 5 fm
  [REJECT] Shift too large: 5.11652 fm > 5 fm
  [REJECT] Shift too large: 5.16627 fm > 5 fm
  [REJECT] Shift too large: 5.04664 fm > 5 fm
  [REJECT] Shift too large: 5.00356 fm > 5 fm
  [REJECT] Shift too large: 5.02053 fm > 5 fm
  [REJECT] Shift too large: 5.57311 fm > 5 fm
  [REJECT] Shift too large: 5.66293 fm > 5 fm
  [REJECT] Shift too large: 5.2841 fm > 5 fm
  [REJECT] Shift too large: 5.28044 fm > 5 fm
  [REJECT] Shift too large: 5.10455 fm > 5 fm
  [REJECT] Shift too large: 5.08148 fm > 5 fm
  [REJECT] Shift too large: 5.08738 fm > 5 fm
  [REJECT] Shift too large: 5.16498 fm > 5 fm
  [REJECT] Shift too large: 5.16417 fm > 5 fm
  [REJECT] Shift too large: 5.07721 fm > 5 fm
  [REJECT] Shift too large: 5.06612 fm > 5 fm
  [REJECT] Shift too large: 5.022 fm > 5 fm
  [REJECT] Shift too large: 5.01107 fm > 5 fm
  [REJECT] Shift too large: 5.05935 fm > 5 fm
  [REJECT] Shift too large: 5.03294 fm > 5 fm
  [REJECT] Shift too large: 5.03294 fm > 5 fm
  [REJECT] Shift too large: 5.0338 fm > 5 fm
  [REJECT] Shift too large: 5.03762 fm > 5 fm
  [REJECT] Shift too large: 5.0083 fm > 5 fm
  [REJECT] Shift too large: 5.02958 fm > 5 fm
  [REJECT] Shift too large: 5.00028 fm > 5 fm
  [REJECT] Shift too large: 5.00426 fm > 5 fm
  [REJECT] Shift too large: 5.02338 fm > 5 fm
  [REJECT] Shift too large: 5.00607 fm > 5 fm
  [REJECT] Shift too large: 5.01551 fm > 5 fm
  [REJECT] Shift too large: 5.00387 fm > 5 fm
  [REJECT] Shift too large: 5.00309 fm > 5 fm
  [REJECT] Shift too large: 5.00587 fm > 5 fm
  [REJECT] Shift too large: 5.00417 fm > 5 fm
  [REJECT] Shift too large: 5.0024 fm > 5 fm
  [REJECT] Shift too large: 5.00133 fm > 5 fm
  [REJECT] Shift too large: 5.00082 fm > 5 fm
  [REJECT] Shift too large: 5.00009 fm > 5 fm
  [REJECT] Shift too large: 5.00132 fm > 5 fm
  [REJECT] Shift too large: 5.00068 fm > 5 fm
  [REJECT] Shift too large: 5.00025 fm > 5 fm
  [REJECT] Shift too large: 5.00073 fm > 5 fm
  [REJECT] Shift too large: 5.00065 fm > 5 fm
  [REJECT] Shift too large: 5.00065 fm > 5 fm
  [REJECT] Shift too large: 5.0003 fm > 5 fm
  [REJECT] Shift too large: 5.00011 fm > 5 fm
  [REJECT] Shift too large: 5.00019 fm > 5 fm
  [REJECT] Shift too large: 5.00003 fm > 5 fm
  [REJECT] Shift too large: 5.00017 fm > 5 fm
  [REJECT] Shift too large: 5.00011 fm > 5 fm
  [REJECT] Shift too large: 5.00011 fm > 5 fm
  [REJECT] Shift too large: 5.00013 fm > 5 fm
  [REJECT] Shift too large: 5.0001 fm > 5 fm
  [REJECT] Shift too large: 5.00006 fm > 5 fm
  [REJECT] Shift too large: 5.00003 fm > 5 fm
  [REJECT] Shift too large: 5.00002 fm > 5 fm
  [REJECT] Shift too large: 5.00002 fm > 5 fm
  [REJECT] Shift too large: 5.00018 fm > 5 fm
  [REJECT] Shift too large: 5 fm > 5 fm
  [REJECT] Shift too large: 5.00002 fm > 5 fm
  [REJECT] Shift too large: 5.00038 fm > 5 fm
  [REJECT] Shift too large: 5.00054 fm > 5 fm
  [REJECT] Shift too large: 5.00014 fm > 5 fm
  [REJECT] Shift too large: 5.00024 fm > 5 fm
  [REJECT] Shift too large: 5.00022 fm > 5 fm
  [REJECT] Shift too large: 5.00023 fm > 5 fm
  [REJECT] Shift too large: 5 fm > 5 fm
  [REJECT] Shift too large: 5.00008 fm > 5 fm
  [REJECT] Shift too large: 5.00005 fm > 5 fm
  [REJECT] Shift too large: 5.00009 fm > 5 fm
  [REJECT] Shift too large: 5.00003 fm > 5 fm
  [REJECT] Shift too large: 5.00004 fm > 5 fm
  [REJECT] Shift too large: 5.00001 fm > 5 fm
  [REJECT] Shift too large: 5.00001 fm > 5 fm
  [REJECT] Shift too large: 5.00003 fm > 5 fm
  [REJECT] Shift too large: 5 fm > 5 fm
  [REJECT] Shift too large: 5.52821 fm > 5 fm
  [REJECT] Shift too large: 6.7802 fm > 5 fm
  [REJECT] Shift too large: 7.35718 fm > 5 fm
  [REJECT] Shift too large: 7.35718 fm > 5 fm
  [REJECT] Shift too large: 28.5244 fm > 5 fm
  [REJECT] Shift too large: 9.06201 fm > 5 fm
  [REJECT] Shift too large: 5.65553 fm > 5 fm
  [REJECT] Shift too large: 5.65553 fm > 5 fm
  [REJECT] Shift too large: 6.56179 fm > 5 fm
  [REJECT] Shift too large: 5.42607 fm > 5 fm
  [REJECT] Shift too large: 5.1251 fm > 5 fm
  [REJECT] Shift too large: 5.00295 fm > 5 fm
  [REJECT] Shift too large: 5.29927 fm > 5 fm
  [REJECT] Shift too large: 5.04603 fm > 5 fm
  [REJECT] Shift too large: 5.19227 fm > 5 fm
  [REJECT] Shift too large: 5.09207 fm > 5 fm
  [REJECT] Shift too large: 5.04817 fm > 5 fm
  [REJECT] Shift too large: 5.24465 fm > 5 fm
  [REJECT] Shift too large: 5.13625 fm > 5 fm
  [REJECT] Shift too large: 5.04924 fm > 5 fm
  [REJECT] Shift too large: 5.02672 fm > 5 fm
  [REJECT] Shift too large: 5.05325 fm > 5 fm
  [REJECT] Shift too large: 5.01262 fm > 5 fm
  [REJECT] Shift too large: 5.00058 fm > 5 fm
  [REJECT] Shift too large: 5.05427 fm > 5 fm
  [REJECT] Shift too large: 5.02317 fm > 5 fm
  [REJECT] Shift too large: 5.04699 fm > 5 fm
  [REJECT] Shift too large: 5.00154 fm > 5 fm
  [REJECT] Shift too large: 5.00806 fm > 5 fm
  [REJECT] Shift too large: 5.02458 fm > 5 fm
  [REJECT] Shift too large: 5.01543 fm > 5 fm
  [REJECT] Shift too large: 5.01215 fm > 5 fm
  [REJECT] Shift too large: 5.01161 fm > 5 fm
  [REJECT] Shift too large: 5.01192 fm > 5 fm
  [REJECT] Shift too large: 5.01154 fm > 5 fm
  [REJECT] Shift too large: 5.01178 fm > 5 fm
  [REJECT] Shift too large: 5.00392 fm > 5 fm
  [REJECT] Shift too large: 5.00117 fm > 5 fm
  [REJECT] Shift too large: 5.0009 fm > 5 fm
  [REJECT] Shift too large: 5.00416 fm > 5 fm
  [REJECT] Shift too large: 5.00308 fm > 5 fm
  [REJECT] Shift too large: 5.00072 fm > 5 fm
  [REJECT] Shift too large: 5.00141 fm > 5 fm
  [REJECT] Shift too large: 5.00113 fm > 5 fm
  [REJECT] Shift too large: 5.00126 fm > 5 fm
  [REJECT] Shift too large: 5.00041 fm > 5 fm
  [REJECT] Shift too large: 5.00007 fm > 5 fm
  [REJECT] Shift too large: 5.00054 fm > 5 fm
  [REJECT] Shift too large: 5.00058 fm > 5 fm
  [REJECT] Shift too large: 5.00021 fm > 5 fm
  [REJECT] Shift too large: 5.00053 fm > 5 fm
  [REJECT] Shift too large: 5.00045 fm > 5 fm
  [REJECT] Shift too large: 5.00052 fm > 5 fm
  [REJECT] Shift too large: 5.00007 fm > 5 fm
  [REJECT] Shift too large: 5 fm > 5 fm
  [REJECT] Shift too large: 5.00018 fm > 5 fm
  [REJECT] Shift too large: 5.00005 fm > 5 fm
  [REJECT] Shift too large: 5.00013 fm > 5 fm
  [REJECT] Shift too large: 5.00001 fm > 5 fm
  [REJECT] Shift too large: 5.00007 fm > 5 fm
  [REJECT] Shift too large: 5.00005 fm > 5 fm
  [REJECT] Shift too large: 5.00005 fm > 5 fm
  [REJECT] Shift too large: 5.00001 fm > 5 fm
  [REJECT] Shift too large: 5.00001 fm > 5 fm
  [REJECT] Shift too large: 5.00004 fm > 5 fm
  [REJECT] Shift too large: 5.00002 fm > 5 fm
  [REJECT] Shift too large: 5.00002 fm > 5 fm
  [REJECT] Shift too large: 5.00001 fm > 5 fm
  [REJECT] Shift too large: 6.35546 fm > 5 fm
  [REJECT] Shift too large: 7.02762 fm > 5 fm
  [REJECT] Shift too large: 7.97015 fm > 5 fm
  [REJECT] Shift too large: 30.6173 fm > 5 fm
  [REJECT] Shift too large: 6.79324 fm > 5 fm
  [REJECT] Shift too large: 6.01849 fm > 5 fm
  [REJECT] Shift too large: 5.65371 fm > 5 fm
  [REJECT] Shift too large: 5.5771 fm > 5 fm
  [REJECT] Shift too large: 6.22845 fm > 5 fm
  [REJECT] Shift too large: 5.36 fm > 5 fm
  [REJECT] Shift too large: 6.20334 fm > 5 fm
  [REJECT] Shift too large: 7.67633 fm > 5 fm
  [REJECT] Shift too large: 5.49312 fm > 5 fm
  [REJECT] Shift too large: 5.82883 fm > 5 fm
  [REJECT] Shift too large: 5.0351 fm > 5 fm
  [REJECT] Shift too large: 6.3405 fm > 5 fm
  [REJECT] Shift too large: 5.55652 fm > 5 fm
  [REJECT] Shift too large: 5.1956 fm > 5 fm
  [REJECT] Shift too large: 5.13665 fm > 5 fm
  [REJECT] Shift too large: 5.27124 fm > 5 fm
  [REJECT] Shift too large: 5.12847 fm > 5 fm
  [REJECT] Shift too large: 5.23615 fm > 5 fm
  [REJECT] Shift too large: 5.98035 fm > 5 fm
  [REJECT] Shift too large: 9.90674 fm > 5 fm
  [REJECT] Shift too large: 7.25645 fm > 5 fm
  [REJECT] Shift too large: 7.0733 fm > 5 fm
  [REJECT] Shift too large: 6.24581 fm > 5 fm
  [REJECT] Shift too large: 6.02161 fm > 5 fm
  [REJECT] Shift too large: 5.3022 fm > 5 fm
  [REJECT] Shift too large: 5.1283 fm > 5 fm
  [REJECT] Shift too large: 5.15224 fm > 5 fm
  [REJECT] Shift too large: 5.1564 fm > 5 fm
  [REJECT] Shift too large: 5.32387 fm > 5 fm
  [REJECT] Shift too large: 5.13084 fm > 5 fm
  [REJECT] Shift too large: 5.30283 fm > 5 fm
  [REJECT] Shift too large: 5.93095 fm > 5 fm
  [REJECT] Shift too large: 28.8677 fm > 5 fm
  [REJECT] Shift too large: 7.81282 fm > 5 fm
  [REJECT] Shift too large: 5.95584 fm > 5 fm
  [REJECT] Shift too large: 5.1933 fm > 5 fm
  [REJECT] Shift too large: 5.1856 fm > 5 fm
  [REJECT] Shift too large: 5.7822 fm > 5 fm
  [REJECT] Shift too large: 7.65605 fm > 5 fm
  [REJECT] Shift too large: 6.75199 fm > 5 fm
  [REJECT] Shift too large: 8.23702 fm > 5 fm
  [REJECT] Shift too large: 5.02569 fm > 5 fm
  [REJECT] Shift too large: 5.13369 fm > 5 fm
  [REJECT] Shift too large: 5.66425 fm > 5 fm
  [REJECT] Shift too large: 5.61192 fm > 5 fm
  [REJECT] Shift too large: 9.40548 fm > 5 fm
  [REJECT] Shift too large: 6.82404 fm > 5 fm
  [REJECT] Shift too large: 6.66698 fm > 5 fm
  [REJECT] Shift too large: 5.86845 fm > 5 fm
  [REJECT] Shift too large: 5.66151 fm > 5 fm
  [REJECT] Shift too large: 5.02992 fm > 5 fm
  [REJECT] Shift too large: 5.26824 fm > 5 fm
  [REJECT] Shift too large: 5.40706 fm > 5 fm
  [REJECT] Shift too large: 5.25706 fm > 5 fm
  [REJECT] Shift too large: 21.6965 fm > 5 fm
  [REJECT] Shift too large: 6.60118 fm > 5 fm
  [REJECT] Shift too large: 5.71309 fm > 5 fm
  [REJECT] Shift too large: 5.16005 fm > 5 fm
  [REJECT] Shift too large: 5.11842 fm > 5 fm
  [REJECT] Shift too large: 5.46811 fm > 5 fm
  [REJECT] Shift too large: 11.8249 fm > 5 fm
  [REJECT] Shift too large: 6.89837 fm > 5 fm
  [REJECT] Shift too large: 7.33462 fm > 5 fm
  [REJECT] Shift too large: 5.93937 fm > 5 fm
  [REJECT] Shift too large: 5.45376 fm > 5 fm
  [REJECT] Shift too large: 5.29231 fm > 5 fm
  [REJECT] Shift too large: 8.69333 fm > 5 fm
  [REJECT] Shift too large: 6.41034 fm > 5 fm
  [REJECT] Shift too large: 6.22782 fm > 5 fm
  [REJECT] Shift too large: 5.51492 fm > 5 fm
  [REJECT] Shift too large: 5.31002 fm > 5 fm
  [REJECT] Shift too large: 5.14833 fm > 5 fm
  [REJECT] Shift too large: 5.1576 fm > 5 fm
  [REJECT] Shift too large: 41.5216 fm > 5 fm
  [REJECT] Shift too large: 8.27462 fm > 5 fm
  [REJECT] Shift too large: 5.19309 fm > 5 fm
  [REJECT] Shift too large: 5.1553 fm > 5 fm
  [REJECT] Shift too large: 5.08386 fm > 5 fm
  [REJECT] Shift too large: 5.23519 fm > 5 fm
  [REJECT] Shift too large: 11.0392 fm > 5 fm
  [REJECT] Shift too large: 6.57329 fm > 5 fm
  [REJECT] Shift too large: 6.94115 fm > 5 fm
  [REJECT] Shift too large: 5.66197 fm > 5 fm
  [REJECT] Shift too large: 5.00703 fm > 5 fm
  [REJECT] Shift too large: 8.03734 fm > 5 fm
  [REJECT] Shift too large: 6.03198 fm > 5 fm
  [REJECT] Shift too large: 5.83568 fm > 5 fm
  [REJECT] Shift too large: 5.20017 fm > 5 fm
  [REJECT] Shift too large: 5.00196 fm > 5 fm
  [REJECT] Shift too large: 32.7484 fm > 5 fm
  [REJECT] Shift too large: 7.6948 fm > 5 fm
  [REJECT] Shift too large: 5.13211 fm > 5 fm
  [REJECT] Shift too large: 5.24288 fm > 5 fm
  [REJECT] Shift too large: 5.05477 fm > 5 fm
  [REJECT] Shift too large: 5.07482 fm > 5 fm
  [REJECT] Shift too large: 5.09364 fm > 5 fm
  [REJECT] Shift too large: 5.07206 fm > 5 fm
  [REJECT] Shift too large: 10.6516 fm > 5 fm
  [REJECT] Shift too large: 6.37067 fm > 5 fm
  [REJECT] Shift too large: 6.6864 fm > 5 fm
  [REJECT] Shift too large: 5.46649 fm > 5 fm
  [REJECT] Shift too large: 5.09356 fm > 5 fm
  [REJECT] Shift too large: 13.0957 fm > 5 fm
  [REJECT] Shift too large: 6.79505 fm > 5 fm
  [REJECT] Shift too large: 27.491 fm > 5 fm
  [REJECT] Shift too large: 7.46765 fm > 5 fm
  [REJECT] Shift too large: 5.05258 fm > 5 fm
  [REJECT] Shift too large: 5.2758 fm > 5 fm
  [REJECT] Shift too large: 5.15259 fm > 5 fm
  [REJECT] Shift too large: 5.35886 fm > 5 fm
  [REJECT] Shift too large: 5.72958 fm > 5 fm
  [REJECT] Shift too large: 19.0962 fm > 5 fm
  [REJECT] Shift too large: 8.08331 fm > 5 fm
  [REJECT] Shift too large: 12.0126 fm > 5 fm
  [REJECT] Shift too large: 6.34558 fm > 5 fm
  [REJECT] Shift too large: 24.0557 fm > 5 fm
  [REJECT] Shift too large: 5.34964 fm > 5 fm
  [REJECT] Shift too large: 5.28529 fm > 5 fm
  [REJECT] Shift too large: 5.90449 fm > 5 fm
  [REJECT] Shift too large: 5.58445 fm > 5 fm
  [REJECT] Shift too large: 6.17859 fm > 5 fm
  [REJECT] Shift too large: 19.7385 fm > 5 fm
  [REJECT] Shift too large: 8.11984 fm > 5 fm
  [REJECT] Shift too large: 11.3518 fm > 5 fm
  [REJECT] Shift too large: 5.96005 fm > 5 fm
  [REJECT] Shift too large: 22.3074 fm > 5 fm
  [REJECT] Shift too large: 5.27638 fm > 5 fm
  [REJECT] Shift too large: 6.29232 fm > 5 fm
  [REJECT] Shift too large: 6.09235 fm > 5 fm
  [REJECT] Shift too large: 5.3035 fm > 5 fm
  [REJECT] Shift too large: 6.1512 fm > 5 fm
  [REJECT] Shift too large: 6.13966 fm > 5 fm
  [REJECT] Shift too large: 19.5532 fm > 5 fm
  [REJECT] Shift too large: 8.03789 fm > 5 fm
  [REJECT] Shift too large: 10.6327 fm > 5 fm
  [REJECT] Shift too large: 5.60746 fm > 5 fm
  [REJECT] Shift too large: 12.3816 fm > 5 fm
  [REJECT] Shift too large: 5.16828 fm > 5 fm
  [REJECT] Shift too large: 6.62416 fm > 5 fm
  [REJECT] Shift too large: 6.09241 fm > 5 fm
  [REJECT] Shift too large: 6.25107 fm > 5 fm
  [REJECT] Shift too large: 5.35477 fm > 5 fm
  [REJECT] Shift too large: 6.14568 fm > 5 fm
  [REJECT] Shift too large: 6.12795 fm > 5 fm

 === FINAL BASIS STATE (ALL CYCLES COMPLETE) === 
Basis Size: 30
========================================================================================================================

State 0 (Type 0) c_i: 0.00158781:
  Gaussian[0] width r≈ 5.11655 fm | Total Shift: 0.286736 fm | 

State 1 (Type 0) c_i: 0.000159172:
  Gaussian[0] width r≈ 4.17748 fm | Total Shift: 0.360813 fm | 

State 2 (Type 0) c_i: 0.00200013:
  Gaussian[0] width r≈ 5.32677 fm | Total Shift: 0.242321 fm | 

State 3 (Type 1) c_i: 5.19971e-07:
  Gaussian[0] width r≈ 2.11918 fm | Total Shift: 0.0919286 fm | 
  Gaussian[1] width r≈ 1.56953 fm | Total Shift: 1.03046 fm | 

State 4 (Type 2) c_i: 1.12414e-06:
  Gaussian[0] width r≈ 3.09151 fm | Total Shift: 0.0781471 fm | 
  Gaussian[1] width r≈ 2.00748 fm | Total Shift: 0.164342 fm | 

State 5 (Type 3) c_i: 3.97886e-06:
  Gaussian[0] width r≈ 2.40104 fm | Total Shift: 0.0790344 fm | 
  Gaussian[1] width r≈ 1.95239 fm | Total Shift: 0.187982 fm | 

State 6 (Type 4) c_i: 2.92737e-06:
  Gaussian[0] width r≈ 3.61976 fm | Total Shift: 0.0643911 fm | 
  Gaussian[1] width r≈ 2.04141 fm | Total Shift: 0.127381 fm | 

State 7 (Type 5) c_i: 9.80605e-07:
  Gaussian[0] width r≈ 2.70115 fm | Total Shift: 0.264342 fm | 
  Gaussian[1] width r≈ 1.65451 fm | Total Shift: 0.922562 fm | 

State 8 (Type 6) c_i: 1.29831e-06:
  Gaussian[0] width r≈ 3.10512 fm | Total Shift: 0.112267 fm | 
  Gaussian[1] width r≈ 2.02627 fm | Total Shift: 0.236641 fm | 

State 9 (Type 7) c_i: 3.31473e-07:
  Gaussian[0] width r≈ 2.35523 fm | Total Shift: 1.12476 fm | 
  Gaussian[1] width r≈ 1.6404 fm | Total Shift: 0.939793 fm | 

State 10 (Type 8) c_i: 0.58021:
  Gaussian[0] width r≈ 3.73394 fm | Total Shift: 0.0268241 fm | 
  Gaussian[1] width r≈ 2.08991 fm | Total Shift: 0.0531391 fm | 

State 11 (Type 9) c_i: 1.75251e-06:
  Gaussian[0] width r≈ 3.60679 fm | Total Shift: 0.089749 fm | 
  Gaussian[1] width r≈ 2.01702 fm | Total Shift: 0.187475 fm | 

State 12 (Type 1) c_i: 5.275e-07:
  Gaussian[0] width r≈ 3.93517 fm | Total Shift: 0.165162 fm | 
  Gaussian[1] width r≈ 2.01827 fm | Total Shift: 0.292707 fm | 

State 13 (Type 2) c_i: 2.34641e-06:
  Gaussian[0] width r≈ 2.76401 fm | Total Shift: 0.107383 fm | 
  Gaussian[1] width r≈ 1.96503 fm | Total Shift: 0.301065 fm | 

State 14 (Type 3) c_i: 1.86441e-06:
  Gaussian[0] width r≈ 3.57744 fm | Total Shift: 0.0691998 fm | 
  Gaussian[1] width r≈ 2.04999 fm | Total Shift: 0.143124 fm | 

State 15 (Type 4) c_i: 3.3165e-07:
  Gaussian[0] width r≈ 2.37014 fm | Total Shift: 1.11272 fm | 
  Gaussian[1] width r≈ 1.64363 fm | Total Shift: 0.919048 fm | 

State 16 (Type 5) c_i: 4.76687e-07:
  Gaussian[0] width r≈ 2.20126 fm | Total Shift: 0.685407 fm | 
  Gaussian[1] width r≈ 1.51055 fm | Total Shift: 1.34101 fm | 

State 17 (Type 6) c_i: 8.85594e-06:
  Gaussian[0] width r≈ 2.65089 fm | Total Shift: 0.0563055 fm | 
  Gaussian[1] width r≈ 1.91714 fm | Total Shift: 0.12776 fm | 

State 18 (Type 7) c_i: 8.74029e-06:
  Gaussian[0] width r≈ 3.5414 fm | Total Shift: 0.0291476 fm | 
  Gaussian[1] width r≈ 2.02995 fm | Total Shift: 0.0586836 fm | 

State 19 (Type 8) c_i: 0.0234236:
  Gaussian[0] width r≈ 3.16721 fm | Total Shift: 0.515293 fm | 
  Gaussian[1] width r≈ 1.71806 fm | Total Shift: 1.01853 fm | 

State 20 (Type 9) c_i: 2.01845e-06:
  Gaussian[0] width r≈ 3.16333 fm | Total Shift: 0.0718899 fm | 
  Gaussian[1] width r≈ 2.02286 fm | Total Shift: 0.160147 fm | 

State 21 (Type 1) c_i: 2.14229e-07:
  Gaussian[0] width r≈ 2.66031 fm | Total Shift: 0.813913 fm | 
  Gaussian[1] width r≈ 1.72135 fm | Total Shift: 0.908121 fm | 

State 22 (Type 2) c_i: 1.10479e-06:
  Gaussian[0] width r≈ 3.52302 fm | Total Shift: 0.0966244 fm | 
  Gaussian[1] width r≈ 1.98352 fm | Total Shift: 0.196179 fm | 

State 23 (Type 3) c_i: 6.07922e-07:
  Gaussian[0] width r≈ 3.29045 fm | Total Shift: 0.081847 fm | 
  Gaussian[1] width r≈ 2.03944 fm | Total Shift: 0.173197 fm | 

State 24 (Type 4) c_i: 5.84222e-07:
  Gaussian[0] width r≈ 3.29704 fm | Total Shift: 0.0669789 fm | 
  Gaussian[1] width r≈ 2.00678 fm | Total Shift: 0.134125 fm | 

State 25 (Type 5) c_i: 5.47081e-08:
  Gaussian[0] width r≈ 2.48902 fm | Total Shift: 0.13228 fm | 
  Gaussian[1] width r≈ 1.55891 fm | Total Shift: 1.05619 fm | 

State 26 (Type 6) c_i: 7.15016e-07:
  Gaussian[0] width r≈ 3.62471 fm | Total Shift: 0.181132 fm | 
  Gaussian[1] width r≈ 1.98595 fm | Total Shift: 0.368036 fm | 

State 27 (Type 7) c_i: 2.97991e-07:
  Gaussian[0] width r≈ 3.32983 fm | Total Shift: 0.0986783 fm | 
  Gaussian[1] width r≈ 1.99372 fm | Total Shift: 0.19932 fm | 

State 28 (Type 8) c_i: 0.0115702:
  Gaussian[0] width r≈ 2.97344 fm | Total Shift: 0.66933 fm | 
  Gaussian[1] width r≈ 1.59662 fm | Total Shift: 1.33176 fm | 

State 29 (Type 9) c_i: 6.95201e-06:
  Gaussian[0] width r≈ 2.66368 fm | Total Shift: 0.0700026 fm | 
  Gaussian[1] width r≈ 1.98949 fm | Total Shift: 0.159444 fm | 
========================================================================================================================
